Using pre-set license
Built from '2020.3/staging' branch; Version is '2020.3.22f1 (e1a7f79fd887) revision 14788599'; Using compiler version '192528614'; Build Type 'Release'
OS: 'Windows 10 Home; OS build 19044.2006; Version 2009; 64bit' Language: 'en' Physical Memory: 16300 MB
BatchMode: 1, IsHumanControllingUs: 0, StartBugReporterOnCrash: 0, Is64bit: 1, IsPro: 0

COMMAND LINE ARGUMENTS:
C:\Program Files\Unity 2020.3.22f1\Editor\Unity.exe
-adb2
-batchMode
-noUpm
-name
AssetImportWorker0
-projectPath
C:/Users/Ricardo/Desktop/AGL/Group4Project/Group4Level
-logFile
Logs/AssetImportWorker0.log
-srvPort
53719
Successfully changed project path to: C:/Users/Ricardo/Desktop/AGL/Group4Project/Group4Level
C:/Users/Ricardo/Desktop/AGL/Group4Project/Group4Level
Using Asset Import Pipeline V2.
Refreshing native plugins compatible for Editor in 54.40 ms, found 3 plugins.
Preloading 0 native plugins for Editor in 0.00 ms.
Initialize engine version: 2020.3.22f1 (e1a7f79fd887)
[Subsystems] Discovering subsystems at path C:/Program Files/Unity 2020.3.22f1/Editor/Data/Resources/UnitySubsystems
[Subsystems] Discovering subsystems at path C:/Users/Ricardo/Desktop/AGL/Group4Project/Group4Level/Assets
GfxDevice: creating device client; threaded=0
Direct3D:
    Version:  Direct3D 11.0 [level 11.1]
    Renderer: NVIDIA GeForce GTX 1050 Ti (ID=0x1c82)
    Vendor:   
    VRAM:     4019 MB
    Driver:   31.0.15.1694
Initialize mono
Mono path[0] = 'C:/Program Files/Unity 2020.3.22f1/Editor/Data/Managed'
Mono path[1] = 'C:/Program Files/Unity 2020.3.22f1/Editor/Data/MonoBleedingEdge/lib/mono/unityjit'
Mono config path = 'C:/Program Files/Unity 2020.3.22f1/Editor/Data/MonoBleedingEdge/etc'
Using monoOptions --debugger-agent=transport=dt_socket,embedding=1,server=y,suspend=n,address=127.0.0.1:56292
Begin MonoManager ReloadAssembly
Registering precompiled unity dll's ...
Register platform support module: C:/Program Files/Unity 2020.3.22f1/Editor/Data/PlaybackEngines/WindowsStandaloneSupport/UnityEditor.WindowsStandalone.Extensions.dll
Registered in 0.003948 seconds.
Native extension for WindowsStandalone target not found
Refreshing native plugins compatible for Editor in 52.16 ms, found 3 plugins.
Preloading 0 native plugins for Editor in 0.00 ms.
Mono: successfully reloaded assembly
- Completed reload, in  1.421 seconds
Domain Reload Profiling:
	ReloadAssembly (1421ms)
		BeginReloadAssembly (78ms)
			ExecutionOrderSort (0ms)
			DisableScriptedObjects (0ms)
			BackupInstance (0ms)
			ReleaseScriptingObjects (0ms)
			CreateAndSetChildDomain (1ms)
		EndReloadAssembly (560ms)
			LoadAssemblies (73ms)
			RebuildTransferFunctionScriptingTraits (0ms)
			SetupTypeCache (193ms)
			ReleaseScriptCaches (0ms)
			RebuildScriptCaches (38ms)
			SetupLoadedEditorAssemblies (205ms)
				LogAssemblyErrors (0ms)
				InitializePlatformSupportModulesInManaged (5ms)
				SetLoadedEditorAssemblies (0ms)
				RefreshPlugins (52ms)
				BeforeProcessingInitializeOnLoad (10ms)
				ProcessInitializeOnLoadAttributes (102ms)
				ProcessInitializeOnLoadMethodAttributes (36ms)
				AfterProcessingInitializeOnLoad (0ms)
				EditorAssembliesLoaded (0ms)
			ExecutionOrderSort2 (0ms)
			AwakeInstancesAfterBackupRestoration (0ms)
Platform modules already initialized, skipping
Registering precompiled user dll's ...
Registered in 0.008365 seconds.
Begin MonoManager ReloadAssembly
Symbol file data-000001C4F506C010 doesn't match image C:\Users\Ricardo\Desktop\AGL\Group4Project\Group4Level\Library\ScriptAssemblies\Unity.2D.Animation.Editor.dll
Symbol file LoadedFromMemory is not a mono symbol file
Symbol file data-000001C4FA9F8410 doesn't match image C:\Users\Ricardo\Desktop\AGL\Group4Project\Group4Level\Library\ScriptAssemblies\Unity.InternalAPIEngineBridge.001.dll
Symbol file LoadedFromMemory is not a mono symbol file
Symbol file data-000001C4F4C42030 doesn't match image C:\Users\Ricardo\Desktop\AGL\Group4Project\Group4Level\Library\ScriptAssemblies\Unity.VSCode.Editor.dll
Symbol file LoadedFromMemory is not a mono symbol file
Symbol file data-000001C4F5045420 doesn't match image C:\Users\Ricardo\Desktop\AGL\Group4Project\Group4Level\Library\ScriptAssemblies\Unity.2D.PixelPerfect.dll
Symbol file LoadedFromMemory is not a mono symbol file
Symbol file data-000001C4FAB91820 doesn't match image C:\Users\Ricardo\Desktop\AGL\Group4Project\Group4Level\Library\ScriptAssemblies\Unity.2D.Tilemap.Editor.dll
Symbol file LoadedFromMemory is not a mono symbol file
Symbol file data-000001C4F5090C20 doesn't match image C:\Users\Ricardo\Desktop\AGL\Group4Project\Group4Level\Library\ScriptAssemblies\PsdPlugin.dll
Symbol file LoadedFromMemory is not a mono symbol file
Symbol file data-000001C4F4BEF020 doesn't match image C:\Users\Ricardo\Desktop\AGL\Group4Project\Group4Level\Library\ScriptAssemblies\Unity.TextMeshPro.Editor.dll
Symbol file LoadedFromMemory is not a mono symbol file
Symbol file data-000001C4FAD92030 doesn't match image C:\Users\Ricardo\Desktop\AGL\Group4Project\Group4Level\Library\ScriptAssemblies\Unity.VisualStudio.Editor.dll
Symbol file LoadedFromMemory is not a mono symbol file
Symbol file data-000001C4F5090C20 doesn't match image C:\Users\Ricardo\Desktop\AGL\Group4Project\Group4Level\Library\ScriptAssemblies\UnityEngine.TestRunner.dll
Symbol file LoadedFromMemory is not a mono symbol file
Symbol file data-000001C4FABA4A30 doesn't match image C:\Users\Ricardo\Desktop\AGL\Group4Project\Group4Level\Library\ScriptAssemblies\Unity.Timeline.dll
Symbol file LoadedFromMemory is not a mono symbol file
Symbol file data-000001C4F9867020 doesn't match image C:\Users\Ricardo\Desktop\AGL\Group4Project\Group4Level\Library\ScriptAssemblies\Unity.TextMeshPro.dll
Symbol file LoadedFromMemory is not a mono symbol file
Symbol file data-000001C4F564B420 doesn't match image C:\Users\Ricardo\Desktop\AGL\Group4Project\Group4Level\Library\ScriptAssemblies\UnityEditor.TestRunner.dll
Symbol file LoadedFromMemory is not a mono symbol file
Symbol file data-000001C4F4C42030 doesn't match image C:\Users\Ricardo\Desktop\AGL\Group4Project\Group4Level\Library\ScriptAssemblies\Unity.2D.IK.Editor.dll
Symbol file LoadedFromMemory is not a mono symbol file
Symbol file data-000001C4FABA4A30 doesn't match image C:\Users\Ricardo\Desktop\AGL\Group4Project\Group4Level\Library\ScriptAssemblies\Unity.2D.Sprite.Editor.dll
Symbol file LoadedFromMemory is not a mono symbol file
Symbol file data-000001C4FAD92030 doesn't match image C:\Users\Ricardo\Desktop\AGL\Group4Project\Group4Level\Library\ScriptAssemblies\Unity.2D.Psdimporter.Editor.dll
Symbol file LoadedFromMemory is not a mono symbol file
Symbol file data-000001C4FABA4A30 doesn't match image C:\Users\Ricardo\Desktop\AGL\Group4Project\Group4Level\Library\ScriptAssemblies\Unity.2D.Path.Editor.dll
Symbol file LoadedFromMemory is not a mono symbol file
Symbol file data-000001C4F4E91020 doesn't match image C:\Users\Ricardo\Desktop\AGL\Group4Project\Group4Level\Library\ScriptAssemblies\Unity.InternalAPIEditorBridge.001.dll
Symbol file LoadedFromMemory is not a mono symbol file
Symbol file data-000001C4FAD92030 doesn't match image C:\Users\Ricardo\Desktop\AGL\Group4Project\Group4Level\Library\ScriptAssemblies\UnityEditor.UI.dll
Symbol file LoadedFromMemory is not a mono symbol file
Symbol file data-000001C4F9E19010 doesn't match image C:\Users\Ricardo\Desktop\AGL\Group4Project\Group4Level\Library\ScriptAssemblies\Unity.PlasticSCM.Editor.dll
Symbol file LoadedFromMemory is not a mono symbol file
Symbol file data-000001C4FA108020 doesn't match image C:\Users\Ricardo\Desktop\AGL\Group4Project\Group4Level\Library\ScriptAssemblies\Unity.Rider.Editor.dll
Symbol file LoadedFromMemory is not a mono symbol file
Symbol file data-000001C4F99CEA20 doesn't match image C:\Users\Ricardo\Desktop\AGL\Group4Project\Group4Level\Library\ScriptAssemblies\UnityEngine.UI.dll
Symbol file LoadedFromMemory is not a mono symbol file
Symbol file data-000001C4F54B6010 doesn't match image C:\Users\Ricardo\Desktop\AGL\Group4Project\Group4Level\Library\ScriptAssemblies\Unity.Mathematics.dll
Symbol file LoadedFromMemory is not a mono symbol file
Symbol file data-000001C4F4C42030 doesn't match image C:\Users\Ricardo\Desktop\AGL\Group4Project\Group4Level\Library\ScriptAssemblies\Unity.2D.IK.Runtime.dll
Symbol file LoadedFromMemory is not a mono symbol file
Symbol file data-000001C4FA108020 doesn't match image C:\Users\Ricardo\Desktop\AGL\Group4Project\Group4Level\Library\ScriptAssemblies\Unity.Services.Core.Editor.dll
Symbol file LoadedFromMemory is not a mono symbol file
Symbol file data-000001C4F99CEA20 doesn't match image C:\Users\Ricardo\Desktop\AGL\Group4Project\Group4Level\Library\ScriptAssemblies\Unity.2D.Animation.Triangle.Runtime.dll
Symbol file LoadedFromMemory is not a mono symbol file
Symbol file data-000001C4F515F6C0 doesn't match image C:\Users\Ricardo\Desktop\AGL\Group4Project\Group4Level\Library\ScriptAssemblies\Unity.2D.Animation.Runtime.dll
Symbol file LoadedFromMemory is not a mono symbol file
Symbol file data-000001C4F55B9850 doesn't match image C:\Users\Ricardo\Desktop\AGL\Group4Project\Group4Level\Library\ScriptAssemblies\Unity.2D.PixelPerfect.Editor.dll
Symbol file LoadedFromMemory is not a mono symbol file
Symbol file data-000001C4F9B5E010 doesn't match image C:\Users\Ricardo\Desktop\AGL\Group4Project\Group4Level\Library\ScriptAssemblies\Unity.Timeline.Editor.dll
Symbol file LoadedFromMemory is not a mono symbol file
Symbol file data-000001C4F9F66C20 doesn't match image C:\Users\Ricardo\Desktop\AGL\Group4Project\Group4Level\Library\ScriptAssemblies\Unity.CollabProxy.Editor.dll
Symbol file LoadedFromMemory is not a mono symbol file
Symbol file data-000001C4F5049020 doesn't match image C:\Users\Ricardo\Desktop\AGL\Group4Project\Group4Level\Library\ScriptAssemblies\Unity.Mathematics.Editor.dll
Symbol file LoadedFromMemory is not a mono symbol file
Symbol file data-000001C4F5436BF0 doesn't match image C:\Users\Ricardo\Desktop\AGL\Group4Project\Group4Level\Library\ScriptAssemblies\Unity.2D.Common.Runtime.dll
Symbol file LoadedFromMemory is not a mono symbol file
Symbol file data-000001C4FAD92030 doesn't match image C:\Users\Ricardo\Desktop\AGL\Group4Project\Group4Level\Library\ScriptAssemblies\Unity.2D.SpriteShape.Editor.dll
Symbol file LoadedFromMemory is not a mono symbol file
Symbol file data-000001C4F4D6EF70 doesn't match image C:\Users\Ricardo\Desktop\AGL\Group4Project\Group4Level\Library\ScriptAssemblies\Unity.2D.Common.Editor.dll
Symbol file LoadedFromMemory is not a mono symbol file
Symbol file data-000001C4FA04AA30 doesn't match image C:\Users\Ricardo\Desktop\AGL\Group4Project\Group4Level\Library\ScriptAssemblies\Unity.2D.SpriteShape.Runtime.dll
Symbol file LoadedFromMemory is not a mono symbol file
Native extension for WindowsStandalone target not found
Refreshing native plugins compatible for Editor in 51.16 ms, found 3 plugins.
Preloading 0 native plugins for Editor in 0.00 ms.
Mono: successfully reloaded assembly
- Completed reload, in  1.443 seconds
Domain Reload Profiling:
	ReloadAssembly (1444ms)
		BeginReloadAssembly (191ms)
			ExecutionOrderSort (0ms)
			DisableScriptedObjects (8ms)
			BackupInstance (0ms)
			ReleaseScriptingObjects (0ms)
			CreateAndSetChildDomain (24ms)
		EndReloadAssembly (1165ms)
			LoadAssemblies (131ms)
			RebuildTransferFunctionScriptingTraits (0ms)
			SetupTypeCache (396ms)
			ReleaseScriptCaches (1ms)
			RebuildScriptCaches (58ms)
			SetupLoadedEditorAssemblies (428ms)
				LogAssemblyErrors (0ms)
				InitializePlatformSupportModulesInManaged (5ms)
				SetLoadedEditorAssemblies (0ms)
				RefreshPlugins (51ms)
				BeforeProcessingInitializeOnLoad (93ms)
				ProcessInitializeOnLoadAttributes (243ms)
				ProcessInitializeOnLoadMethodAttributes (22ms)
				AfterProcessingInitializeOnLoad (13ms)
				EditorAssembliesLoaded (0ms)
			ExecutionOrderSort2 (0ms)
			AwakeInstancesAfterBackupRestoration (8ms)
Platform modules already initialized, skipping
========================================================================
Worker process is ready to serve import requests
Launched and connected shader compiler UnityShaderCompiler.exe after 0.06 seconds
Refreshing native plugins compatible for Editor in 0.64 ms, found 3 plugins.
Preloading 0 native plugins for Editor in 0.00 ms.
Unloading 2197 Unused Serialized files (Serialized files now loaded: 0)
System memory in use before: 95.8 MB.
System memory in use after: 95.9 MB.

Unloading 28 unused Assets to reduce memory usage. Loaded Objects now: 2630.
Total: 3.533200 ms (FindLiveObjects: 0.213700 ms CreateObjectMapping: 0.100900 ms MarkObjects: 3.111100 ms  DeleteObjects: 0.106300 ms)

AssetImportParameters requested are different than current active one (requested -> active):
  custom:framework-win-MediaFoundation: 216162199b28c13a410421893ffa2e32 -> 
  custom:video-decoder-ogg-theora: a1e56fd34408186e4bbccfd4996cb3dc -> 
  custom:container-muxer-webm: aa71ff27fc2769a1b78a27578f13a17b -> 
  custom:container-demuxer-webm: 4f35f7cbe854078d1ac9338744f61a02 -> 
  custom:container-demuxer-ogg: 62fdf1f143b41e24485cea50d1cbac27 -> 
  custom:video-encoder-webm-vp8: eb34c28f22e8b96e1ab97ce403110664 -> 
  custom:video-decoder-webm-vp8: 9c59270c3fd7afecdb556c50c9e8de78 -> 
  custom:audio-decoder-ogg-vorbis: bf7c407c2cedff20999df2af8eb42d56 -> 
  custom:audio-encoder-webm-vorbis: bf7c407c2cedff20999df2af8eb42d56 -> 
========================================================================
Received Import Request.
  path: Assets/Art
  artifactKey: Guid(6fb6e9d1454df40469a30d0dc37e33fc) Importer(815301076,1909f56bfc062723c751e8b465ee728b)
Start importing Assets/Art using Guid(6fb6e9d1454df40469a30d0dc37e33fc) Importer(815301076,1909f56bfc062723c751e8b465ee728b)  -> (artifact id: '1810085a8b92ce8eddebd99518876c89') in 0.006450 seconds 
  Import took 0.010796 seconds .

========================================================================
Received Import Request.
  Time since last request: 3.602079 seconds.
  path: Assets/Scripts
  artifactKey: Guid(63590d6429b143a45b5d72ca1b4e2e29) Importer(815301076,1909f56bfc062723c751e8b465ee728b)
Start importing Assets/Scripts using Guid(63590d6429b143a45b5d72ca1b4e2e29) Importer(815301076,1909f56bfc062723c751e8b465ee728b)  -> (artifact id: '53ec57cd43420c1d7d464c84f327a610') in 0.002996 seconds 
  Import took 0.007575 seconds .

========================================================================
Received Import Request.
  Time since last request: 11.671607 seconds.
  path: Assets/Scenes/SampleScene.unity
  artifactKey: Guid(2cda990e2423bbf4892e6590ba056729) Importer(815301076,1909f56bfc062723c751e8b465ee728b)
Start importing Assets/Scenes/SampleScene.unity using Guid(2cda990e2423bbf4892e6590ba056729) Importer(815301076,1909f56bfc062723c751e8b465ee728b)  -> (artifact id: '4d165109e1ad5f2e6f469da560850e54') in 0.014143 seconds 
  Import took 0.019387 seconds .

========================================================================
Received Import Request.
  Time since last request: 10.506200 seconds.
  path: Assets/Art/basic level mockup.png
  artifactKey: Guid(64325bd3bf30bf840866f6ed6cea8679) Importer(815301076,1909f56bfc062723c751e8b465ee728b)
Start importing Assets/Art/basic level mockup.png using Guid(64325bd3bf30bf840866f6ed6cea8679) Importer(815301076,1909f56bfc062723c751e8b465ee728b)  -> (artifact id: 'afd4576e895385114855c9674fdedf00') in 0.128419 seconds 
  Import took 0.133008 seconds .

========================================================================
Received Import Request.
  Time since last request: 2.212833 seconds.
  path: Assets/Art/Sprites
  artifactKey: Guid(9670bacd70d213a4abc2398c2c352df3) Importer(815301076,1909f56bfc062723c751e8b465ee728b)
Start importing Assets/Art/Sprites using Guid(9670bacd70d213a4abc2398c2c352df3) Importer(815301076,1909f56bfc062723c751e8b465ee728b)  -> (artifact id: '551c45c15d556f755c0d61307072edec') in 0.002515 seconds 
  Import took 0.007457 seconds .

AssetImportWorkerClient::OnTransportError - code=2 error=End of file
